[debug] [2026-04-02T10:45:00.582Z] ----------------------------------------------------------------------
[debug] [2026-04-02T10:45:00.584Z] Command:       C:\Program Files\nodejs\node.exe C:\Users\66953\AppData\Roaming\npm\node_modules\firebase-tools\lib\bin\firebase.js init
[debug] [2026-04-02T10:45:00.585Z] CLI Version:   15.12.0
[debug] [2026-04-02T10:45:00.585Z] Platform:      win32
[debug] [2026-04-02T10:45:00.585Z] Node Version:  v25.6.1
[debug] [2026-04-02T10:45:00.585Z] Time:          Thu Apr 02 2026 17:45:00 GMT+0700 (เวลาอินโดจีน)
[debug] [2026-04-02T10:45:00.585Z] ----------------------------------------------------------------------
[debug] 
[info] 
     ######## #### ########  ######## ########     ###     ######  ########
     ##        ##  ##     ## ##       ##     ##  ##   ##  ##       ##
     ######    ##  ########  ######   ########  #########  ######  ######
     ##        ##  ##    ##  ##       ##     ## ##     ##       ## ##
     ##       #### ##     ## ######## ########  ##     ##  ######  ########

You're about to initialize a Firebase project in this directory:

  C:\Users\66953\Downloads\560-tang-ko-mascot-showcase

[info] 
=== Project Setup
[info] 
[info] First, let's associate this project directory with a Firebase project.
[info] You can create multiple project aliases by running firebase use --add, 
[info] 
[debug] [2026-04-02T10:46:06.590Z] > command requires scopes: ["email","openid","https://www.googleapis.com/auth/cloudplatformprojects.readonly","https://www.googleapis.com/auth/firebase","https://www.googleapis.com/auth/cloud-platform"]
[debug] [2026-04-02T10:46:06.591Z] > authorizing via signed-in user (theerach.deeying@gmail.com)
[debug] [2026-04-02T10:46:06.592Z] Checked if tokens are valid: true, expires at: 1775129624532
[debug] [2026-04-02T10:46:06.592Z] Checked if tokens are valid: true, expires at: 1775129624532
[debug] [2026-04-02T10:46:06.593Z] >>> [apiv2][query] GET https://firebase.googleapis.com/v1beta1/projects pageSize=100
[debug] [2026-04-02T10:46:07.349Z] <<< [apiv2][status] GET https://firebase.googleapis.com/v1beta1/projects 200
[debug] [2026-04-02T10:46:07.349Z] <<< [apiv2][body] GET https://firebase.googleapis.com/v1beta1/projects [omitted]
